execve("/usr/bin/cat", ["cat"], 0x7fffd3f7afc0 /* 20 vars */) = 0
brk(NULL)                               = 0x7fffc6af4000
arch_prctl(0x3001 /* ARCH_??? */, 0x7fffce6edb50) = -1 EINVAL (無効な引数です)
access("/etc/ld.so.preload", R_OK)      = -1 ENOENT (そのようなファイルやディレクトリはありません)
openat(AT_FDCWD, "/etc/ld.so.cache", O_RDONLY|O_CLOEXEC) = 3
fstat(3, {st_mode=S_IFREG|0644, st_size=46586, ...}) = 0
mmap(NULL, 46586, PROT_READ, MAP_PRIVATE, 3, 0) = 0x7f0f55b54000
close(3)                                = 0
openat(AT_FDCWD, "/lib/x86_64-linux-gnu/libc.so.6", O_RDONLY|O_CLOEXEC) = 3
read(3, "\177ELF\2\1\1\3\0\0\0\0\0\0\0\0\3\0>\0\1\0\0\0\300A\2\0\0\0\0\0"..., 832) = 832
pread64(3, "\6\0\0\0\4\0\0\0@\0\0\0\0\0\0\0@\0\0\0\0\0\0\0@\0\0\0\0\0\0\0"..., 784, 64) = 784
pread64(3, "\4\0\0\0\20\0\0\0\5\0\0\0GNU\0\2\0\0\300\4\0\0\0\3\0\0\0\0\0\0\0", 32, 848) = 32
pread64(3, "\4\0\0\0\24\0\0\0\3\0\0\0GNU\0\30x\346\264ur\f|Q\226\236i\253-'o"..., 68, 880) = 68
fstat(3, {st_mode=S_IFREG|0755, st_size=2029592, ...}) = 0
mmap(NULL, 8192, PROT_READ|PROT_WRITE, MAP_PRIVATE|MAP_ANONYMOUS, -1, 0) = 0x7f0f55b90000
pread64(3, "\6\0\0\0\4\0\0\0@\0\0\0\0\0\0\0@\0\0\0\0\0\0\0@\0\0\0\0\0\0\0"..., 784, 64) = 784
pread64(3, "\4\0\0\0\20\0\0\0\5\0\0\0GNU\0\2\0\0\300\4\0\0\0\3\0\0\0\0\0\0\0", 32, 848) = 32
pread64(3, "\4\0\0\0\24\0\0\0\3\0\0\0GNU\0\30x\346\264ur\f|Q\226\236i\253-'o"..., 68, 880) = 68
mmap(NULL, 2037344, PROT_READ, MAP_PRIVATE|MAP_DENYWRITE, 3, 0) = 0x7f0f55960000
mmap(0x7f0f55982000, 1540096, PROT_READ|PROT_EXEC, MAP_PRIVATE|MAP_FIXED|MAP_DENYWRITE, 3, 0x22000) = 0x7f0f55982000
mmap(0x7f0f55afa000, 319488, PROT_READ, MAP_PRIVATE|MAP_FIXED|MAP_DENYWRITE, 3, 0x19a000) = 0x7f0f55afa000
mmap(0x7f0f55b48000, 24576, PROT_READ|PROT_WRITE, MAP_PRIVATE|MAP_FIXED|MAP_DENYWRITE, 3, 0x1e7000) = 0x7f0f55b48000
mmap(0x7f0f55b4e000, 13920, PROT_READ|PROT_WRITE, MAP_PRIVATE|MAP_FIXED|MAP_ANONYMOUS, -1, 0) = 0x7f0f55b4e000
close(3)                                = 0
arch_prctl(ARCH_SET_FS, 0x7f0f55b913c0) = 0
mprotect(0x7f0f55b48000, 16384, PROT_READ) = 0
mprotect(0x7f0f55ba4000, 4096, PROT_READ) = 0
mprotect(0x7f0f55b8d000, 4096, PROT_READ) = 0
munmap(0x7f0f55b54000, 46586)           = 0
brk(NULL)                               = 0x7fffc6af4000
brk(0x7fffc6b15000)                     = 0x7fffc6b15000
openat(AT_FDCWD, "/usr/lib/locale/locale-archive", O_RDONLY|O_CLOEXEC) = 3
fstat(3, {st_mode=S_IFREG|0644, st_size=4095264, ...}) = 0
mmap(NULL, 4095264, PROT_READ, MAP_PRIVATE, 3, 0) = 0x7f0f55578000
close(3)                                = 0
fstat(1, {st_mode=S_IFCHR|0660, st_rdev=makedev(0x4, 0x1), ...}) = 0
fstat(0, {st_mode=S_IFCHR|0660, st_rdev=makedev(0x4, 0x1), ...}) = 0
fadvise64(0, 0, 0, POSIX_FADV_SEQUENTIAL) = 0
mmap(NULL, 139264, PROT_READ|PROT_WRITE, MAP_PRIVATE|MAP_ANONYMOUS, -1, 0) = 0x7f0f55550000
read(0, 0x7f0f55551000, 131072)         = ? ERESTARTSYS (To be restarted if SA_RESTART is set)
--- SIGINT {si_signo=SIGINT, si_code=SI_KERNEL} ---
+++ killed by SIGINT +++
